#-----------------------------------------------------------
# Vivado v2023.2 (64-bit)
# SW Build 4029153 on Fri Oct 13 20:13:54 MDT 2023
# IP Build 4028589 on Sat Oct 14 00:45:43 MDT 2023
# SharedData Build 4025554 on Tue Oct 10 17:18:54 MDT 2023
<<<<<<<< HEAD:Projektskal/work/vivado_synth_243336.backup.log
# Start of session at: Wed Apr 10 18:41:32 2024
# Process ID: 243336
========
# Start of session at: Tue Apr 16 10:52:02 2024
# Process ID: 81154
>>>>>>>> origin/alfred_0904:Projektskal/work/vivado_synth_81154.backup.log
# Current directory: /home/alfsj019/Desktop/docs/Projektskal/work
# Command line: vivado -mode batch -source /courses/TSEA83/bin/build.tcl -notrace -journal vivado_synth.jou -log vivado_synth.log -tclargs synth uprogCPU.vhd pMem.vhd uMem.vhd Basys3.xdc
# Log file: /home/alfsj019/Desktop/docs/Projektskal/work/vivado_synth.log
# Journal file: /home/alfsj019/Desktop/docs/Projektskal/work/vivado_synth.jou
# Running On: muxen1-106.ad.liu.se, OS: Linux, CPU Frequency: 2100.000 MHz, CPU Physical cores: 12, Host memory: 16186 MB
#-----------------------------------------------------------
source /courses/TSEA83/bin/build.tcl -notrace

############################################################################
#### Build script 'Version 1.1 - 2024-02-23'

Doing synth

############################################################################
#### Synthesizing...

Reading: uprogCPU.vhd
Reading: pMem.vhd
Reading: uMem.vhd
Reading: Basys3.xdc
Command: synth_design -top uprogCPU -part xc7a35ticpg236-1L
Starting synth_design
Attempting to get a license for feature 'Synthesis' and/or device 'xc7a35ti'
INFO: [Common 17-349] Got license for feature 'Synthesis' and/or device 'xc7a35ti'
INFO: [Device 21-403] Loading part xc7a35ticpg236-1L
INFO: [Synth 8-7079] Multithreading enabled for synth_design using a maximum of 4 processes.
INFO: [Synth 8-7078] Launching helper process for spawning children vivado processes
<<<<<<<< HEAD:Projektskal/work/vivado_synth_243336.backup.log
INFO: [Synth 8-7075] Helper process launched with PID 243387
---------------------------------------------------------------------------------
Starting RTL Elaboration : Time (s): cpu = 00:00:02 ; elapsed = 00:00:02 . Memory (MB): peak = 2247.086 ; gain = 402.645 ; free physical = 1800 ; free virtual = 16574
---------------------------------------------------------------------------------
INFO: [Synth 8-638] synthesizing module 'uprogCPU' [/home/alfsj019/Desktop/docs/Projektskal/uprogCPU.vhd:12]
INFO: [Synth 8-3491] module 'uMem' declared at '/home/alfsj019/Desktop/docs/Projektskal/uMem.vhd:6' bound to instance 'U0' of component 'uMem' [/home/alfsj019/Desktop/docs/Projektskal/uprogCPU.vhd:481]
INFO: [Synth 8-638] synthesizing module 'uMem' [/home/alfsj019/Desktop/docs/Projektskal/uMem.vhd:12]
INFO: [Synth 8-256] done synthesizing module 'uMem' (0#1) [/home/alfsj019/Desktop/docs/Projektskal/uMem.vhd:12]
INFO: [Synth 8-3491] module 'pMem' declared at '/home/alfsj019/Desktop/docs/Projektskal/pMem.vhd:6' bound to instance 'U1' of component 'pMem' [/home/alfsj019/Desktop/docs/Projektskal/uprogCPU.vhd:484]
INFO: [Synth 8-638] synthesizing module 'pMem' [/home/alfsj019/Desktop/docs/Projektskal/pMem.vhd:12]
INFO: [Synth 8-256] done synthesizing module 'pMem' (0#1) [/home/alfsj019/Desktop/docs/Projektskal/pMem.vhd:12]
========
INFO: [Synth 8-7075] Helper process launched with PID 81202
---------------------------------------------------------------------------------
Starting RTL Elaboration : Time (s): cpu = 00:00:02 ; elapsed = 00:00:03 . Memory (MB): peak = 2247.086 ; gain = 402.676 ; free physical = 4373 ; free virtual = 18562
---------------------------------------------------------------------------------
INFO: [Synth 8-638] synthesizing module 'uprogCPU' [/home/alfsj019/Desktop/docs/Projektskal/uprogCPU.vhd:12]
INFO: [Synth 8-3491] module 'uMem' declared at '/home/alfsj019/Desktop/docs/Projektskal/uMem.vhd:6' bound to instance 'U0' of component 'uMem' [/home/alfsj019/Desktop/docs/Projektskal/uprogCPU.vhd:490]
INFO: [Synth 8-638] synthesizing module 'uMem' [/home/alfsj019/Desktop/docs/Projektskal/uMem.vhd:12]
INFO: [Synth 8-256] done synthesizing module 'uMem' (0#1) [/home/alfsj019/Desktop/docs/Projektskal/uMem.vhd:12]
INFO: [Synth 8-3491] module 'pMem' declared at '/home/alfsj019/Desktop/docs/Projektskal/pMem.vhd:8' bound to instance 'U1' of component 'pMem' [/home/alfsj019/Desktop/docs/Projektskal/uprogCPU.vhd:493]
INFO: [Synth 8-638] synthesizing module 'pMem' [/home/alfsj019/Desktop/docs/Projektskal/pMem.vhd:14]
INFO: [Synth 8-256] done synthesizing module 'pMem' (0#1) [/home/alfsj019/Desktop/docs/Projektskal/pMem.vhd:14]
>>>>>>>> origin/alfred_0904:Projektskal/work/vivado_synth_81154.backup.log
INFO: [Synth 8-256] done synthesizing module 'uprogCPU' (0#1) [/home/alfsj019/Desktop/docs/Projektskal/uprogCPU.vhd:12]
WARNING: [Synth 8-3848] Net led in module/entity uprogCPU does not have driver. [/home/alfsj019/Desktop/docs/Projektskal/uprogCPU.vhd:9]
WARNING: [Synth 8-3848] Net KeyB in module/entity uprogCPU does not have driver. [/home/alfsj019/Desktop/docs/Projektskal/uprogCPU.vhd:81]
WARNING: [Synth 8-7129] Port led[15] in module uprogCPU is either unconnected or has no load
WARNING: [Synth 8-7129] Port led[14] in module uprogCPU is either unconnected or has no load
WARNING: [Synth 8-7129] Port led[13] in module uprogCPU is either unconnected or has no load
WARNING: [Synth 8-7129] Port led[12] in module uprogCPU is either unconnected or has no load
WARNING: [Synth 8-7129] Port led[11] in module uprogCPU is either unconnected or has no load
WARNING: [Synth 8-7129] Port led[10] in module uprogCPU is either unconnected or has no load
WARNING: [Synth 8-7129] Port led[9] in module uprogCPU is either unconnected or has no load
WARNING: [Synth 8-7129] Port led[8] in module uprogCPU is either unconnected or has no load
WARNING: [Synth 8-7129] Port led[7] in module uprogCPU is either unconnected or has no load
WARNING: [Synth 8-7129] Port led[6] in module uprogCPU is either unconnected or has no load
WARNING: [Synth 8-7129] Port led[5] in module uprogCPU is either unconnected or has no load
WARNING: [Synth 8-7129] Port led[4] in module uprogCPU is either unconnected or has no load
WARNING: [Synth 8-7129] Port led[3] in module uprogCPU is either unconnected or has no load
WARNING: [Synth 8-7129] Port led[2] in module uprogCPU is either unconnected or has no load
WARNING: [Synth 8-7129] Port led[1] in module uprogCPU is either unconnected or has no load
WARNING: [Synth 8-7129] Port led[0] in module uprogCPU is either unconnected or has no load
---------------------------------------------------------------------------------
<<<<<<<< HEAD:Projektskal/work/vivado_synth_243336.backup.log
Finished RTL Elaboration : Time (s): cpu = 00:00:03 ; elapsed = 00:00:03 . Memory (MB): peak = 2331.055 ; gain = 486.613 ; free physical = 1705 ; free virtual = 16479
========
Finished RTL Elaboration : Time (s): cpu = 00:00:03 ; elapsed = 00:00:04 . Memory (MB): peak = 2331.023 ; gain = 486.613 ; free physical = 4287 ; free virtual = 18470
>>>>>>>> origin/alfred_0904:Projektskal/work/vivado_synth_81154.backup.log
---------------------------------------------------------------------------------
---------------------------------------------------------------------------------
Start Handling Custom Attributes
---------------------------------------------------------------------------------
---------------------------------------------------------------------------------
<<<<<<<< HEAD:Projektskal/work/vivado_synth_243336.backup.log
Finished Handling Custom Attributes : Time (s): cpu = 00:00:03 ; elapsed = 00:00:03 . Memory (MB): peak = 2348.867 ; gain = 504.426 ; free physical = 1694 ; free virtual = 16468
---------------------------------------------------------------------------------
---------------------------------------------------------------------------------
Finished RTL Optimization Phase 1 : Time (s): cpu = 00:00:03 ; elapsed = 00:00:03 . Memory (MB): peak = 2348.867 ; gain = 504.426 ; free physical = 1694 ; free virtual = 16468
---------------------------------------------------------------------------------
Netlist sorting complete. Time (s): cpu = 00:00:00.01 ; elapsed = 00:00:00.01 . Memory (MB): peak = 2348.867 ; gain = 0.000 ; free physical = 1694 ; free virtual = 16468
========
Finished Handling Custom Attributes : Time (s): cpu = 00:00:03 ; elapsed = 00:00:04 . Memory (MB): peak = 2348.836 ; gain = 504.426 ; free physical = 4279 ; free virtual = 18461
---------------------------------------------------------------------------------
---------------------------------------------------------------------------------
Finished RTL Optimization Phase 1 : Time (s): cpu = 00:00:03 ; elapsed = 00:00:04 . Memory (MB): peak = 2348.836 ; gain = 504.426 ; free physical = 4279 ; free virtual = 18461
---------------------------------------------------------------------------------
Netlist sorting complete. Time (s): cpu = 00:00:00.01 ; elapsed = 00:00:00.01 . Memory (MB): peak = 2348.836 ; gain = 0.000 ; free physical = 4279 ; free virtual = 18461
>>>>>>>> origin/alfred_0904:Projektskal/work/vivado_synth_81154.backup.log
INFO: [Project 1-570] Preparing netlist for logic optimization

Processing XDC Constraints
Initializing timing engine
Parsing XDC File [/home/alfsj019/Desktop/docs/Projektskal/Basys3.xdc]
Finished Parsing XDC File [/home/alfsj019/Desktop/docs/Projektskal/Basys3.xdc]
INFO: [Project 1-236] Implementation specific constraints were found while reading constraint file [/home/alfsj019/Desktop/docs/Projektskal/Basys3.xdc]. These constraints will be ignored for synthesis but will be used in implementation. Impacted constraints are listed in the file [.Xil/uprogCPU_propImpl.xdc].
Resolution: To avoid this warning, move constraints listed in [.Xil/uprogCPU_propImpl.xdc] to another XDC file and exclude this new file from synthesis with the used_in_synthesis property (File Properties dialog in GUI) and re-run elaboration/synthesis.
Completed Processing XDC Constraints

<<<<<<<< HEAD:Projektskal/work/vivado_synth_243336.backup.log
Netlist sorting complete. Time (s): cpu = 00:00:00 ; elapsed = 00:00:00 . Memory (MB): peak = 2493.617 ; gain = 0.000 ; free physical = 1610 ; free virtual = 16382
INFO: [Project 1-111] Unisim Transformation Summary:
No Unisim elements were transformed.

Constraint Validation Runtime : Time (s): cpu = 00:00:00 ; elapsed = 00:00:00.01 . Memory (MB): peak = 2493.652 ; gain = 0.000 ; free physical = 1610 ; free virtual = 16381
---------------------------------------------------------------------------------
Finished Constraint Validation : Time (s): cpu = 00:00:06 ; elapsed = 00:00:07 . Memory (MB): peak = 2493.652 ; gain = 649.211 ; free physical = 1612 ; free virtual = 16381
========
Netlist sorting complete. Time (s): cpu = 00:00:00 ; elapsed = 00:00:00 . Memory (MB): peak = 2497.586 ; gain = 0.000 ; free physical = 4243 ; free virtual = 18413
INFO: [Project 1-111] Unisim Transformation Summary:
No Unisim elements were transformed.

Constraint Validation Runtime : Time (s): cpu = 00:00:00 ; elapsed = 00:00:00.01 . Memory (MB): peak = 2497.621 ; gain = 0.000 ; free physical = 4242 ; free virtual = 18412
---------------------------------------------------------------------------------
Finished Constraint Validation : Time (s): cpu = 00:00:06 ; elapsed = 00:00:13 . Memory (MB): peak = 2497.621 ; gain = 653.211 ; free physical = 4256 ; free virtual = 18414
>>>>>>>> origin/alfred_0904:Projektskal/work/vivado_synth_81154.backup.log
---------------------------------------------------------------------------------
---------------------------------------------------------------------------------
Start Loading Part and Timing Information
---------------------------------------------------------------------------------
Loading part: xc7a35ticpg236-1L
---------------------------------------------------------------------------------
<<<<<<<< HEAD:Projektskal/work/vivado_synth_243336.backup.log
Finished Loading Part and Timing Information : Time (s): cpu = 00:00:06 ; elapsed = 00:00:07 . Memory (MB): peak = 2493.652 ; gain = 649.211 ; free physical = 1612 ; free virtual = 16381
========
Finished Loading Part and Timing Information : Time (s): cpu = 00:00:06 ; elapsed = 00:00:13 . Memory (MB): peak = 2497.621 ; gain = 653.211 ; free physical = 4256 ; free virtual = 18414
>>>>>>>> origin/alfred_0904:Projektskal/work/vivado_synth_81154.backup.log
---------------------------------------------------------------------------------
---------------------------------------------------------------------------------
Start Applying 'set_property' XDC Constraints
---------------------------------------------------------------------------------
---------------------------------------------------------------------------------
<<<<<<<< HEAD:Projektskal/work/vivado_synth_243336.backup.log
Finished applying 'set_property' XDC Constraints : Time (s): cpu = 00:00:06 ; elapsed = 00:00:07 . Memory (MB): peak = 2493.652 ; gain = 649.211 ; free physical = 1612 ; free virtual = 16382
========
Finished applying 'set_property' XDC Constraints : Time (s): cpu = 00:00:06 ; elapsed = 00:00:13 . Memory (MB): peak = 2497.621 ; gain = 653.211 ; free physical = 4257 ; free virtual = 18414
>>>>>>>> origin/alfred_0904:Projektskal/work/vivado_synth_81154.backup.log
---------------------------------------------------------------------------------
WARNING: [Synth 8-327] inferring latch for variable 'res_reg' [/home/alfsj019/Desktop/docs/Projektskal/uprogCPU.vhd:364]
WARNING: [Synth 8-327] inferring latch for variable 'C_t_reg' [/home/alfsj019/Desktop/docs/Projektskal/uprogCPU.vhd:383]
---------------------------------------------------------------------------------
<<<<<<<< HEAD:Projektskal/work/vivado_synth_243336.backup.log
Finished RTL Optimization Phase 2 : Time (s): cpu = 00:00:06 ; elapsed = 00:00:08 . Memory (MB): peak = 2493.652 ; gain = 649.211 ; free physical = 1611 ; free virtual = 16382
========
Finished RTL Optimization Phase 2 : Time (s): cpu = 00:00:06 ; elapsed = 00:00:14 . Memory (MB): peak = 2497.621 ; gain = 653.211 ; free physical = 4240 ; free virtual = 18410
>>>>>>>> origin/alfred_0904:Projektskal/work/vivado_synth_81154.backup.log
---------------------------------------------------------------------------------
---------------------------------------------------------------------------------
Start RTL Component Statistics 
---------------------------------------------------------------------------------
Detailed RTL Component Info : 
+---Adders : 
	   2 Input   17 Bit       Adders := 3     
	   2 Input   16 Bit       Adders := 1     
	   2 Input    8 Bit       Adders := 2     
+---Registers : 
	               32 Bit    Registers := 5     
	               16 Bit    Registers := 20    
	                8 Bit    Registers := 4     
	                4 Bit    Registers := 2     
	                1 Bit    Registers := 5     
+---Multipliers : 
	              16x16  Multipliers := 2     
+---Muxes : 
	 257 Input   32 Bit        Muxes := 1     
	   4 Input   32 Bit        Muxes := 2     
	   2 Input   32 Bit        Muxes := 20    
	   3 Input   32 Bit        Muxes := 1     
	   7 Input   32 Bit        Muxes := 16    
	   8 Input   32 Bit        Muxes := 1     
	  13 Input   32 Bit        Muxes := 1     
	   2 Input   16 Bit        Muxes := 20    
	  16 Input   16 Bit        Muxes := 16    
	   4 Input    8 Bit        Muxes := 1     
	   2 Input    8 Bit        Muxes := 2     
	   6 Input    8 Bit        Muxes := 2     
	   2 Input    4 Bit        Muxes := 1     
	  16 Input    3 Bit        Muxes := 1     
	   2 Input    1 Bit        Muxes := 20    
	   4 Input    1 Bit        Muxes := 1     
	  14 Input    1 Bit        Muxes := 3     
	  13 Input    1 Bit        Muxes := 2     
---------------------------------------------------------------------------------
Finished RTL Component Statistics 
---------------------------------------------------------------------------------
---------------------------------------------------------------------------------
Start Part Resource Summary
---------------------------------------------------------------------------------
Part Resources:
DSPs: 90 (col length:60)
BRAMs: 100 (col length: RAMB18 60 RAMB36 30)
---------------------------------------------------------------------------------
Finished Part Resource Summary
---------------------------------------------------------------------------------
---------------------------------------------------------------------------------
Start Cross Boundary and Area Optimization
---------------------------------------------------------------------------------
WARNING: [Synth 8-7080] Parallel synthesis criteria is not met
DSP Report: Generating DSP res0, operation Mode is: A2*B.
DSP Report: register AR_reg is absorbed into DSP res0.
DSP Report: operator res0 is absorbed into DSP res0.
DSP Report: Generating DSP res0, operation Mode is: A2*B.
DSP Report: register AR_reg is absorbed into DSP res0.
DSP Report: operator res0 is absorbed into DSP res0.
WARNING: [Synth 8-7129] Port led[15] in module uprogCPU is either unconnected or has no load
WARNING: [Synth 8-7129] Port led[14] in module uprogCPU is either unconnected or has no load
WARNING: [Synth 8-7129] Port led[13] in module uprogCPU is either unconnected or has no load
WARNING: [Synth 8-7129] Port led[12] in module uprogCPU is either unconnected or has no load
WARNING: [Synth 8-7129] Port led[11] in module uprogCPU is either unconnected or has no load
WARNING: [Synth 8-7129] Port led[10] in module uprogCPU is either unconnected or has no load
WARNING: [Synth 8-7129] Port led[9] in module uprogCPU is either unconnected or has no load
WARNING: [Synth 8-7129] Port led[8] in module uprogCPU is either unconnected or has no load
WARNING: [Synth 8-7129] Port led[7] in module uprogCPU is either unconnected or has no load
WARNING: [Synth 8-7129] Port led[6] in module uprogCPU is either unconnected or has no load
WARNING: [Synth 8-7129] Port led[5] in module uprogCPU is either unconnected or has no load
WARNING: [Synth 8-7129] Port led[4] in module uprogCPU is either unconnected or has no load
WARNING: [Synth 8-7129] Port led[3] in module uprogCPU is either unconnected or has no load
WARNING: [Synth 8-7129] Port led[2] in module uprogCPU is either unconnected or has no load
WARNING: [Synth 8-7129] Port led[1] in module uprogCPU is either unconnected or has no load
WARNING: [Synth 8-7129] Port led[0] in module uprogCPU is either unconnected or has no load
CRITICAL WARNING: [Synth 8-6859] multi-driven net on pin PM_reg[31] with 1st driver pin 'PM_reg[31]/Q' [/home/alfsj019/Desktop/docs/Projektskal/uprogCPU.vhd:62]
CRITICAL WARNING: [Synth 8-6859] multi-driven net on pin PM_reg[31] with 2nd driver pin 'GND' [/home/alfsj019/Desktop/docs/Projektskal/uprogCPU.vhd:62]
CRITICAL WARNING: [Synth 8-6858] multi-driven net PM_reg[31] is connected to at least one constant driver which has been preserved, other driver is ignored [/home/alfsj019/Desktop/docs/Projektskal/uprogCPU.vhd:62]
CRITICAL WARNING: [Synth 8-6859] multi-driven net on pin PM_reg[30] with 1st driver pin 'PM_reg[30]/Q' [/home/alfsj019/Desktop/docs/Projektskal/uprogCPU.vhd:62]
CRITICAL WARNING: [Synth 8-6859] multi-driven net on pin PM_reg[30] with 2nd driver pin 'GND' [/home/alfsj019/Desktop/docs/Projektskal/uprogCPU.vhd:62]
CRITICAL WARNING: [Synth 8-6858] multi-driven net PM_reg[30] is connected to at least one constant driver which has been preserved, other driver is ignored [/home/alfsj019/Desktop/docs/Projektskal/uprogCPU.vhd:62]
CRITICAL WARNING: [Synth 8-6859] multi-driven net on pin PM_reg[29] with 1st driver pin 'PM_reg[29]/Q' [/home/alfsj019/Desktop/docs/Projektskal/uprogCPU.vhd:62]
CRITICAL WARNING: [Synth 8-6859] multi-driven net on pin PM_reg[29] with 2nd driver pin 'GND' [/home/alfsj019/Desktop/docs/Projektskal/uprogCPU.vhd:62]
CRITICAL WARNING: [Synth 8-6858] multi-driven net PM_reg[29] is connected to at least one constant driver which has been preserved, other driver is ignored [/home/alfsj019/Desktop/docs/Projektskal/uprogCPU.vhd:62]
CRITICAL WARNING: [Synth 8-6859] multi-driven net on pin PM_reg[28] with 1st driver pin 'PM_reg[28]/Q' [/home/alfsj019/Desktop/docs/Projektskal/uprogCPU.vhd:62]
CRITICAL WARNING: [Synth 8-6859] multi-driven net on pin PM_reg[28] with 2nd driver pin 'GND' [/home/alfsj019/Desktop/docs/Projektskal/uprogCPU.vhd:62]
CRITICAL WARNING: [Synth 8-6858] multi-driven net PM_reg[28] is connected to at least one constant driver which has been preserved, other driver is ignored [/home/alfsj019/Desktop/docs/Projektskal/uprogCPU.vhd:62]
CRITICAL WARNING: [Synth 8-6859] multi-driven net on pin PM_reg[27] with 1st driver pin 'PM_reg[27]/Q' [/home/alfsj019/Desktop/docs/Projektskal/uprogCPU.vhd:62]
CRITICAL WARNING: [Synth 8-6859] multi-driven net on pin PM_reg[27] with 2nd driver pin 'GND' [/home/alfsj019/Desktop/docs/Projektskal/uprogCPU.vhd:62]
CRITICAL WARNING: [Synth 8-6858] multi-driven net PM_reg[27] is connected to at least one constant driver which has been preserved, other driver is ignored [/home/alfsj019/Desktop/docs/Projektskal/uprogCPU.vhd:62]
CRITICAL WARNING: [Synth 8-6859] multi-driven net on pin PM_reg[26] with 1st driver pin 'PM_reg[26]/Q' [/home/alfsj019/Desktop/docs/Projektskal/uprogCPU.vhd:62]
CRITICAL WARNING: [Synth 8-6859] multi-driven net on pin PM_reg[26] with 2nd driver pin 'GND' [/home/alfsj019/Desktop/docs/Projektskal/uprogCPU.vhd:62]
CRITICAL WARNING: [Synth 8-6858] multi-driven net PM_reg[26] is connected to at least one constant driver which has been preserved, other driver is ignored [/home/alfsj019/Desktop/docs/Projektskal/uprogCPU.vhd:62]
CRITICAL WARNING: [Synth 8-6859] multi-driven net on pin PM_reg[23] with 1st driver pin 'PM_reg[23]/Q' [/home/alfsj019/Desktop/docs/Projektskal/uprogCPU.vhd:62]
CRITICAL WARNING: [Synth 8-6859] multi-driven net on pin PM_reg[23] with 2nd driver pin 'GND' [/home/alfsj019/Desktop/docs/Projektskal/uprogCPU.vhd:62]
CRITICAL WARNING: [Synth 8-6858] multi-driven net PM_reg[23] is connected to at least one constant driver which has been preserved, other driver is ignored [/home/alfsj019/Desktop/docs/Projektskal/uprogCPU.vhd:62]
CRITICAL WARNING: [Synth 8-6859] multi-driven net on pin PM_reg[22] with 1st driver pin 'PM_reg[22]/Q' [/home/alfsj019/Desktop/docs/Projektskal/uprogCPU.vhd:62]
CRITICAL WARNING: [Synth 8-6859] multi-driven net on pin PM_reg[22] with 2nd driver pin 'GND' [/home/alfsj019/Desktop/docs/Projektskal/uprogCPU.vhd:62]
CRITICAL WARNING: [Synth 8-6858] multi-driven net PM_reg[22] is connected to at least one constant driver which has been preserved, other driver is ignored [/home/alfsj019/Desktop/docs/Projektskal/uprogCPU.vhd:62]
CRITICAL WARNING: [Synth 8-6859] multi-driven net on pin PM_reg[21] with 1st driver pin 'PM_reg[21]/Q' [/home/alfsj019/Desktop/docs/Projektskal/uprogCPU.vhd:62]
CRITICAL WARNING: [Synth 8-6859] multi-driven net on pin PM_reg[21] with 2nd driver pin 'GND' [/home/alfsj019/Desktop/docs/Projektskal/uprogCPU.vhd:62]
CRITICAL WARNING: [Synth 8-6858] multi-driven net PM_reg[21] is connected to at least one constant driver which has been preserved, other driver is ignored [/home/alfsj019/Desktop/docs/Projektskal/uprogCPU.vhd:62]
CRITICAL WARNING: [Synth 8-6859] multi-driven net on pin PM_reg[19] with 1st driver pin 'PM_reg[19]/Q' [/home/alfsj019/Desktop/docs/Projektskal/uprogCPU.vhd:62]
CRITICAL WARNING: [Synth 8-6859] multi-driven net on pin PM_reg[19] with 2nd driver pin 'GND' [/home/alfsj019/Desktop/docs/Projektskal/uprogCPU.vhd:62]
CRITICAL WARNING: [Synth 8-6858] multi-driven net PM_reg[19] is connected to at least one constant driver which has been preserved, other driver is ignored [/home/alfsj019/Desktop/docs/Projektskal/uprogCPU.vhd:62]
CRITICAL WARNING: [Synth 8-6859] multi-driven net on pin PM_reg[18] with 1st driver pin 'PM_reg[18]/Q' [/home/alfsj019/Desktop/docs/Projektskal/uprogCPU.vhd:62]
CRITICAL WARNING: [Synth 8-6859] multi-driven net on pin PM_reg[18] with 2nd driver pin 'GND' [/home/alfsj019/Desktop/docs/Projektskal/uprogCPU.vhd:62]
CRITICAL WARNING: [Synth 8-6858] multi-driven net PM_reg[18] is connected to at least one constant driver which has been preserved, other driver is ignored [/home/alfsj019/Desktop/docs/Projektskal/uprogCPU.vhd:62]
CRITICAL WARNING: [Synth 8-6859] multi-driven net on pin PM_reg[17] with 1st driver pin 'PM_reg[17]/Q' [/home/alfsj019/Desktop/docs/Projektskal/uprogCPU.vhd:62]
CRITICAL WARNING: [Synth 8-6859] multi-driven net on pin PM_reg[17] with 2nd driver pin 'GND' [/home/alfsj019/Desktop/docs/Projektskal/uprogCPU.vhd:62]
CRITICAL WARNING: [Synth 8-6858] multi-driven net PM_reg[17] is connected to at least one constant driver which has been preserved, other driver is ignored [/home/alfsj019/Desktop/docs/Projektskal/uprogCPU.vhd:62]
CRITICAL WARNING: [Synth 8-6859] multi-driven net on pin PM_reg[15] with 1st driver pin 'PM_reg[15]/Q' [/home/alfsj019/Desktop/docs/Projektskal/uprogCPU.vhd:62]
CRITICAL WARNING: [Synth 8-6859] multi-driven net on pin PM_reg[15] with 2nd driver pin 'GND' [/home/alfsj019/Desktop/docs/Projektskal/uprogCPU.vhd:62]
CRITICAL WARNING: [Synth 8-6858] multi-driven net PM_reg[15] is connected to at least one constant driver which has been preserved, other driver is ignored [/home/alfsj019/Desktop/docs/Projektskal/uprogCPU.vhd:62]
CRITICAL WARNING: [Synth 8-6859] multi-driven net on pin PM_reg[14] with 1st driver pin 'PM_reg[14]/Q' [/home/alfsj019/Desktop/docs/Projektskal/uprogCPU.vhd:62]
CRITICAL WARNING: [Synth 8-6859] multi-driven net on pin PM_reg[14] with 2nd driver pin 'GND' [/home/alfsj019/Desktop/docs/Projektskal/uprogCPU.vhd:62]
CRITICAL WARNING: [Synth 8-6858] multi-driven net PM_reg[14] is connected to at least one constant driver which has been preserved, other driver is ignored [/home/alfsj019/Desktop/docs/Projektskal/uprogCPU.vhd:62]
CRITICAL WARNING: [Synth 8-6859] multi-driven net on pin PM_reg[13] with 1st driver pin 'PM_reg[13]/Q' [/home/alfsj019/Desktop/docs/Projektskal/uprogCPU.vhd:62]
CRITICAL WARNING: [Synth 8-6859] multi-driven net on pin PM_reg[13] with 2nd driver pin 'GND' [/home/alfsj019/Desktop/docs/Projektskal/uprogCPU.vhd:62]
CRITICAL WARNING: [Synth 8-6858] multi-driven net PM_reg[13] is connected to at least one constant driver which has been preserved, other driver is ignored [/home/alfsj019/Desktop/docs/Projektskal/uprogCPU.vhd:62]
CRITICAL WARNING: [Synth 8-6859] multi-driven net on pin PM_reg[11] with 1st driver pin 'PM_reg[11]/Q' [/home/alfsj019/Desktop/docs/Projektskal/uprogCPU.vhd:62]
CRITICAL WARNING: [Synth 8-6859] multi-driven net on pin PM_reg[11] with 2nd driver pin 'GND' [/home/alfsj019/Desktop/docs/Projektskal/uprogCPU.vhd:62]
CRITICAL WARNING: [Synth 8-6858] multi-driven net PM_reg[11] is connected to at least one constant driver which has been preserved, other driver is ignored [/home/alfsj019/Desktop/docs/Projektskal/uprogCPU.vhd:62]
CRITICAL WARNING: [Synth 8-6859] multi-driven net on pin PM_reg[10] with 1st driver pin 'PM_reg[10]/Q' [/home/alfsj019/Desktop/docs/Projektskal/uprogCPU.vhd:62]
CRITICAL WARNING: [Synth 8-6859] multi-driven net on pin PM_reg[10] with 2nd driver pin 'GND' [/home/alfsj019/Desktop/docs/Projektskal/uprogCPU.vhd:62]
CRITICAL WARNING: [Synth 8-6858] multi-driven net PM_reg[10] is connected to at least one constant driver which has been preserved, other driver is ignored [/home/alfsj019/Desktop/docs/Projektskal/uprogCPU.vhd:62]
CRITICAL WARNING: [Synth 8-6859] multi-driven net on pin PM_reg[7] with 1st driver pin 'PM_reg[7]/Q' [/home/alfsj019/Desktop/docs/Projektskal/uprogCPU.vhd:62]
CRITICAL WARNING: [Synth 8-6859] multi-driven net on pin PM_reg[7] with 2nd driver pin 'GND' [/home/alfsj019/Desktop/docs/Projektskal/uprogCPU.vhd:62]
CRITICAL WARNING: [Synth 8-6858] multi-driven net PM_reg[7] is connected to at least one constant driver which has been preserved, other driver is ignored [/home/alfsj019/Desktop/docs/Projektskal/uprogCPU.vhd:62]
CRITICAL WARNING: [Synth 8-6859] multi-driven net on pin PM_reg[6] with 1st driver pin 'PM_reg[6]/Q' [/home/alfsj019/Desktop/docs/Projektskal/uprogCPU.vhd:62]
CRITICAL WARNING: [Synth 8-6859] multi-driven net on pin PM_reg[6] with 2nd driver pin 'GND' [/home/alfsj019/Desktop/docs/Projektskal/uprogCPU.vhd:62]
CRITICAL WARNING: [Synth 8-6858] multi-driven net PM_reg[6] is connected to at least one constant driver which has been preserved, other driver is ignored [/home/alfsj019/Desktop/docs/Projektskal/uprogCPU.vhd:62]
CRITICAL WARNING: [Synth 8-6859] multi-driven net on pin PM_reg[3] with 1st driver pin 'PM_reg[3]/Q' [/home/alfsj019/Desktop/docs/Projektskal/uprogCPU.vhd:62]
CRITICAL WARNING: [Synth 8-6859] multi-driven net on pin PM_reg[3] with 2nd driver pin 'GND' [/home/alfsj019/Desktop/docs/Projektskal/uprogCPU.vhd:62]
CRITICAL WARNING: [Synth 8-6858] multi-driven net PM_reg[3] is connected to at least one constant driver which has been preserved, other driver is ignored [/home/alfsj019/Desktop/docs/Projektskal/uprogCPU.vhd:62]
WARNING: [Synth 8-3332] Sequential element (res_reg[31]) is unused and will be removed from module uprogCPU.
WARNING: [Synth 8-3332] Sequential element (res_reg[30]) is unused and will be removed from module uprogCPU.
WARNING: [Synth 8-3332] Sequential element (res_reg[29]) is unused and will be removed from module uprogCPU.
WARNING: [Synth 8-3332] Sequential element (res_reg[28]) is unused and will be removed from module uprogCPU.
WARNING: [Synth 8-3332] Sequential element (res_reg[27]) is unused and will be removed from module uprogCPU.
WARNING: [Synth 8-3332] Sequential element (res_reg[26]) is unused and will be removed from module uprogCPU.
WARNING: [Synth 8-3332] Sequential element (res_reg[25]) is unused and will be removed from module uprogCPU.
WARNING: [Synth 8-3332] Sequential element (res_reg[24]) is unused and will be removed from module uprogCPU.
WARNING: [Synth 8-3332] Sequential element (res_reg[23]) is unused and will be removed from module uprogCPU.
WARNING: [Synth 8-3332] Sequential element (res_reg[22]) is unused and will be removed from module uprogCPU.
WARNING: [Synth 8-3332] Sequential element (res_reg[21]) is unused and will be removed from module uprogCPU.
WARNING: [Synth 8-3332] Sequential element (res_reg[20]) is unused and will be removed from module uprogCPU.
WARNING: [Synth 8-3332] Sequential element (res_reg[19]) is unused and will be removed from module uprogCPU.
WARNING: [Synth 8-3332] Sequential element (res_reg[18]) is unused and will be removed from module uprogCPU.
WARNING: [Synth 8-3332] Sequential element (res_reg[17]) is unused and will be removed from module uprogCPU.
WARNING: [Synth 8-3332] Sequential element (res_reg[16]) is unused and will be removed from module uprogCPU.
WARNING: [Synth 8-3332] Sequential element (res_reg[15]) is unused and will be removed from module uprogCPU.
WARNING: [Synth 8-3332] Sequential element (res_reg[14]) is unused and will be removed from module uprogCPU.
WARNING: [Synth 8-3332] Sequential element (res_reg[13]) is unused and will be removed from module uprogCPU.
WARNING: [Synth 8-3332] Sequential element (res_reg[12]) is unused and will be removed from module uprogCPU.
WARNING: [Synth 8-3332] Sequential element (res_reg[11]) is unused and will be removed from module uprogCPU.
WARNING: [Synth 8-3332] Sequential element (res_reg[10]) is unused and will be removed from module uprogCPU.
WARNING: [Synth 8-3332] Sequential element (res_reg[9]) is unused and will be removed from module uprogCPU.
WARNING: [Synth 8-3332] Sequential element (res_reg[8]) is unused and will be removed from module uprogCPU.
WARNING: [Synth 8-3332] Sequential element (res_reg[7]) is unused and will be removed from module uprogCPU.
WARNING: [Synth 8-3332] Sequential element (res_reg[6]) is unused and will be removed from module uprogCPU.
WARNING: [Synth 8-3332] Sequential element (res_reg[5]) is unused and will be removed from module uprogCPU.
WARNING: [Synth 8-3332] Sequential element (res_reg[4]) is unused and will be removed from module uprogCPU.
WARNING: [Synth 8-3332] Sequential element (res_reg[3]) is unused and will be removed from module uprogCPU.
WARNING: [Synth 8-3332] Sequential element (res_reg[2]) is unused and will be removed from module uprogCPU.
WARNING: [Synth 8-3332] Sequential element (res_reg[1]) is unused and will be removed from module uprogCPU.
WARNING: [Synth 8-3332] Sequential element (res_reg[0]) is unused and will be removed from module uprogCPU.
WARNING: [Synth 8-3332] Sequential element (C_t_reg) is unused and will be removed from module uprogCPU.
---------------------------------------------------------------------------------
<<<<<<<< HEAD:Projektskal/work/vivado_synth_243336.backup.log
Finished Cross Boundary and Area Optimization : Time (s): cpu = 00:00:07 ; elapsed = 00:00:09 . Memory (MB): peak = 2493.652 ; gain = 649.211 ; free physical = 1603 ; free virtual = 16379
========
Finished Cross Boundary and Area Optimization : Time (s): cpu = 00:00:07 ; elapsed = 00:00:15 . Memory (MB): peak = 2497.621 ; gain = 653.211 ; free physical = 4236 ; free virtual = 18411
>>>>>>>> origin/alfred_0904:Projektskal/work/vivado_synth_81154.backup.log
---------------------------------------------------------------------------------
 Sort Area is  res0_0 : 0 0 : 1962 1962 : Used 1 time 0
 Sort Area is  res0_2 : 0 0 : 1962 1962 : Used 1 time 0
---------------------------------------------------------------------------------
Start ROM, RAM, DSP, Shift Register and Retiming Reporting
---------------------------------------------------------------------------------

ROM: Preliminary Mapping Report
+------------+------------+---------------+----------------+
|Module Name | RTL Object | Depth x Width | Implemented As | 
+------------+------------+---------------+----------------+
|uprogCPU    | K1         | 32x7          | LUT            | 
+------------+------------+---------------+----------------+


DSP: Preliminary Mapping Report (see note below. The ' indicates corresponding REG is set)
+------------+-------------+--------+--------+--------+--------+--------+------+------+------+------+-------+------+------+
|Module Name | DSP Mapping | A Size | B Size | C Size | D Size | P Size | AREG | BREG | CREG | DREG | ADREG | MREG | PREG | 
+------------+-------------+--------+--------+--------+--------+--------+------+------+------+------+-------+------+------+
|uprogCPU    | A2*B        | 16     | 16     | -      | -      | 32     | 1    | 0    | -    | -    | -     | 0    | 0    | 
|uprogCPU    | A2*B        | 16     | 16     | -      | -      | 32     | 1    | 0    | -    | -    | -     | 0    | 0    | 
+------------+-------------+--------+--------+--------+--------+--------+------+------+------+------+-------+------+------+

Note: The table above is a preliminary report that shows the DSPs inferred at the current stage of the synthesis flow. Some DSP may be reimplemented as non DSP primitives later in the synthesis flow. Multiple instantiated DSPs are reported only once.
---------------------------------------------------------------------------------
Finished ROM, RAM, DSP, Shift Register and Retiming Reporting
---------------------------------------------------------------------------------
---------------------------------------------------------------------------------
Start Applying XDC Timing Constraints
---------------------------------------------------------------------------------
---------------------------------------------------------------------------------
<<<<<<<< HEAD:Projektskal/work/vivado_synth_243336.backup.log
Finished Applying XDC Timing Constraints : Time (s): cpu = 00:00:09 ; elapsed = 00:00:11 . Memory (MB): peak = 2493.652 ; gain = 649.211 ; free physical = 1604 ; free virtual = 16379
========
Finished Applying XDC Timing Constraints : Time (s): cpu = 00:00:09 ; elapsed = 00:00:17 . Memory (MB): peak = 2497.621 ; gain = 653.211 ; free physical = 4241 ; free virtual = 18413
>>>>>>>> origin/alfred_0904:Projektskal/work/vivado_synth_81154.backup.log
---------------------------------------------------------------------------------
---------------------------------------------------------------------------------
Start Timing Optimization
---------------------------------------------------------------------------------
---------------------------------------------------------------------------------
<<<<<<<< HEAD:Projektskal/work/vivado_synth_243336.backup.log
Finished Timing Optimization : Time (s): cpu = 00:00:09 ; elapsed = 00:00:11 . Memory (MB): peak = 2493.652 ; gain = 649.211 ; free physical = 1604 ; free virtual = 16379
========
Finished Timing Optimization : Time (s): cpu = 00:00:09 ; elapsed = 00:00:17 . Memory (MB): peak = 2497.621 ; gain = 653.211 ; free physical = 4241 ; free virtual = 18413
>>>>>>>> origin/alfred_0904:Projektskal/work/vivado_synth_81154.backup.log
---------------------------------------------------------------------------------
---------------------------------------------------------------------------------
Start Technology Mapping
---------------------------------------------------------------------------------
---------------------------------------------------------------------------------
<<<<<<<< HEAD:Projektskal/work/vivado_synth_243336.backup.log
Finished Technology Mapping : Time (s): cpu = 00:00:09 ; elapsed = 00:00:11 . Memory (MB): peak = 2493.652 ; gain = 649.211 ; free physical = 1604 ; free virtual = 16379
========
Finished Technology Mapping : Time (s): cpu = 00:00:09 ; elapsed = 00:00:17 . Memory (MB): peak = 2497.621 ; gain = 653.211 ; free physical = 4241 ; free virtual = 18413
>>>>>>>> origin/alfred_0904:Projektskal/work/vivado_synth_81154.backup.log
---------------------------------------------------------------------------------
---------------------------------------------------------------------------------
Start IO Insertion
---------------------------------------------------------------------------------
---------------------------------------------------------------------------------
Start Flattening Before IO Insertion
---------------------------------------------------------------------------------
---------------------------------------------------------------------------------
Finished Flattening Before IO Insertion
---------------------------------------------------------------------------------
---------------------------------------------------------------------------------
Start Final Netlist Cleanup
---------------------------------------------------------------------------------
---------------------------------------------------------------------------------
Finished Final Netlist Cleanup
---------------------------------------------------------------------------------
---------------------------------------------------------------------------------
<<<<<<<< HEAD:Projektskal/work/vivado_synth_243336.backup.log
Finished IO Insertion : Time (s): cpu = 00:00:11 ; elapsed = 00:00:13 . Memory (MB): peak = 2493.652 ; gain = 649.211 ; free physical = 1613 ; free virtual = 16388
========
Finished IO Insertion : Time (s): cpu = 00:00:10 ; elapsed = 00:00:19 . Memory (MB): peak = 2497.621 ; gain = 653.211 ; free physical = 4239 ; free virtual = 18412
>>>>>>>> origin/alfred_0904:Projektskal/work/vivado_synth_81154.backup.log
---------------------------------------------------------------------------------
---------------------------------------------------------------------------------
Start Renaming Generated Instances
---------------------------------------------------------------------------------
---------------------------------------------------------------------------------
<<<<<<<< HEAD:Projektskal/work/vivado_synth_243336.backup.log
Finished Renaming Generated Instances : Time (s): cpu = 00:00:11 ; elapsed = 00:00:13 . Memory (MB): peak = 2493.652 ; gain = 649.211 ; free physical = 1613 ; free virtual = 16388
========
Finished Renaming Generated Instances : Time (s): cpu = 00:00:10 ; elapsed = 00:00:19 . Memory (MB): peak = 2497.621 ; gain = 653.211 ; free physical = 4239 ; free virtual = 18412
>>>>>>>> origin/alfred_0904:Projektskal/work/vivado_synth_81154.backup.log
---------------------------------------------------------------------------------
---------------------------------------------------------------------------------
Start Rebuilding User Hierarchy
---------------------------------------------------------------------------------
---------------------------------------------------------------------------------
<<<<<<<< HEAD:Projektskal/work/vivado_synth_243336.backup.log
Finished Rebuilding User Hierarchy : Time (s): cpu = 00:00:11 ; elapsed = 00:00:13 . Memory (MB): peak = 2493.652 ; gain = 649.211 ; free physical = 1613 ; free virtual = 16388
========
Finished Rebuilding User Hierarchy : Time (s): cpu = 00:00:10 ; elapsed = 00:00:19 . Memory (MB): peak = 2497.621 ; gain = 653.211 ; free physical = 4239 ; free virtual = 18412
>>>>>>>> origin/alfred_0904:Projektskal/work/vivado_synth_81154.backup.log
---------------------------------------------------------------------------------
---------------------------------------------------------------------------------
Start Renaming Generated Ports
---------------------------------------------------------------------------------
---------------------------------------------------------------------------------
<<<<<<<< HEAD:Projektskal/work/vivado_synth_243336.backup.log
Finished Renaming Generated Ports : Time (s): cpu = 00:00:11 ; elapsed = 00:00:13 . Memory (MB): peak = 2493.652 ; gain = 649.211 ; free physical = 1613 ; free virtual = 16388
========
Finished Renaming Generated Ports : Time (s): cpu = 00:00:10 ; elapsed = 00:00:19 . Memory (MB): peak = 2497.621 ; gain = 653.211 ; free physical = 4239 ; free virtual = 18412
>>>>>>>> origin/alfred_0904:Projektskal/work/vivado_synth_81154.backup.log
---------------------------------------------------------------------------------
---------------------------------------------------------------------------------
Start Handling Custom Attributes
---------------------------------------------------------------------------------
---------------------------------------------------------------------------------
<<<<<<<< HEAD:Projektskal/work/vivado_synth_243336.backup.log
Finished Handling Custom Attributes : Time (s): cpu = 00:00:11 ; elapsed = 00:00:13 . Memory (MB): peak = 2493.652 ; gain = 649.211 ; free physical = 1613 ; free virtual = 16388
========
Finished Handling Custom Attributes : Time (s): cpu = 00:00:10 ; elapsed = 00:00:19 . Memory (MB): peak = 2497.621 ; gain = 653.211 ; free physical = 4239 ; free virtual = 18412
>>>>>>>> origin/alfred_0904:Projektskal/work/vivado_synth_81154.backup.log
---------------------------------------------------------------------------------
---------------------------------------------------------------------------------
Start Renaming Generated Nets
---------------------------------------------------------------------------------
---------------------------------------------------------------------------------
<<<<<<<< HEAD:Projektskal/work/vivado_synth_243336.backup.log
Finished Renaming Generated Nets : Time (s): cpu = 00:00:11 ; elapsed = 00:00:13 . Memory (MB): peak = 2493.652 ; gain = 649.211 ; free physical = 1613 ; free virtual = 16388
========
Finished Renaming Generated Nets : Time (s): cpu = 00:00:10 ; elapsed = 00:00:19 . Memory (MB): peak = 2497.621 ; gain = 653.211 ; free physical = 4239 ; free virtual = 18412
>>>>>>>> origin/alfred_0904:Projektskal/work/vivado_synth_81154.backup.log
---------------------------------------------------------------------------------
---------------------------------------------------------------------------------
Start Writing Synthesis Report
---------------------------------------------------------------------------------

Report BlackBoxes: 
+-+--------------+----------+
| |BlackBox name |Instances |
+-+--------------+----------+
+-+--------------+----------+

Report Cell Usage: 
+------+------+------+
|      |Cell  |Count |
+------+------+------+
|1     |OBUFT |    16|
+------+------+------+
---------------------------------------------------------------------------------
<<<<<<<< HEAD:Projektskal/work/vivado_synth_243336.backup.log
Finished Writing Synthesis Report : Time (s): cpu = 00:00:11 ; elapsed = 00:00:13 . Memory (MB): peak = 2493.652 ; gain = 649.211 ; free physical = 1613 ; free virtual = 16388
---------------------------------------------------------------------------------
Synthesis finished with 0 errors, 0 critical warnings and 62 warnings.
Synthesis Optimization Runtime : Time (s): cpu = 00:00:10 ; elapsed = 00:00:12 . Memory (MB): peak = 2493.652 ; gain = 504.426 ; free physical = 1612 ; free virtual = 16388
Synthesis Optimization Complete : Time (s): cpu = 00:00:11 ; elapsed = 00:00:13 . Memory (MB): peak = 2493.652 ; gain = 649.211 ; free physical = 1612 ; free virtual = 16388
INFO: [Project 1-571] Translating synthesized netlist
Netlist sorting complete. Time (s): cpu = 00:00:00.01 ; elapsed = 00:00:00 . Memory (MB): peak = 2493.652 ; gain = 0.000 ; free physical = 1903 ; free virtual = 16679
========
Finished Writing Synthesis Report : Time (s): cpu = 00:00:10 ; elapsed = 00:00:19 . Memory (MB): peak = 2497.621 ; gain = 653.211 ; free physical = 4239 ; free virtual = 18412
---------------------------------------------------------------------------------
Synthesis finished with 0 errors, 60 critical warnings and 52 warnings.
Synthesis Optimization Runtime : Time (s): cpu = 00:00:10 ; elapsed = 00:00:15 . Memory (MB): peak = 2497.621 ; gain = 504.426 ; free physical = 4238 ; free virtual = 18411
Synthesis Optimization Complete : Time (s): cpu = 00:00:10 ; elapsed = 00:00:19 . Memory (MB): peak = 2497.621 ; gain = 653.211 ; free physical = 4238 ; free virtual = 18411
INFO: [Project 1-571] Translating synthesized netlist
Netlist sorting complete. Time (s): cpu = 00:00:00 ; elapsed = 00:00:00 . Memory (MB): peak = 2497.621 ; gain = 0.000 ; free physical = 4528 ; free virtual = 18701
>>>>>>>> origin/alfred_0904:Projektskal/work/vivado_synth_81154.backup.log
INFO: [Project 1-570] Preparing netlist for logic optimization
Parsing XDC File [/home/alfsj019/Desktop/docs/Projektskal/Basys3.xdc]
Finished Parsing XDC File [/home/alfsj019/Desktop/docs/Projektskal/Basys3.xdc]
INFO: [Opt 31-138] Pushed 0 inverter(s) to 0 load pin(s).
<<<<<<<< HEAD:Projektskal/work/vivado_synth_243336.backup.log
Netlist sorting complete. Time (s): cpu = 00:00:00 ; elapsed = 00:00:00 . Memory (MB): peak = 2501.621 ; gain = 0.000 ; free physical = 1902 ; free virtual = 16678
========
Netlist sorting complete. Time (s): cpu = 00:00:00 ; elapsed = 00:00:00 . Memory (MB): peak = 2505.590 ; gain = 0.000 ; free physical = 4538 ; free virtual = 18713
>>>>>>>> origin/alfred_0904:Projektskal/work/vivado_synth_81154.backup.log
INFO: [Project 1-111] Unisim Transformation Summary:
No Unisim elements were transformed.

Synth Design complete | Checksum: ac8e6971
INFO: [Common 17-83] Releasing license: Synthesis
21 Infos, 70 Warnings, 60 Critical Warnings and 0 Errors encountered.
synth_design completed successfully
<<<<<<<< HEAD:Projektskal/work/vivado_synth_243336.backup.log
synth_design: Time (s): cpu = 00:00:15 ; elapsed = 00:00:16 . Memory (MB): peak = 2501.656 ; gain = 992.445 ; free physical = 1902 ; free virtual = 16678
INFO: [Common 17-2834] synth_design peak Physical Memory [PSS] (MB): overall = 2063.250; main = 1764.229; forked = 442.575
INFO: [Common 17-2834] synth_design peak Virtual Memory [VSS] (MB): overall = 4087.891; main = 2501.625; forked = 1626.285
INFO: [Timing 38-480] Writing timing data to binary archive.
Write ShapeDB Complete: Time (s): cpu = 00:00:00 ; elapsed = 00:00:00.01 . Memory (MB): peak = 2533.637 ; gain = 0.000 ; free physical = 1902 ; free virtual = 16678
Wrote PlaceDB: Time (s): cpu = 00:00:00 ; elapsed = 00:00:00 . Memory (MB): peak = 2533.637 ; gain = 0.000 ; free physical = 1902 ; free virtual = 16678
Wrote PulsedLatchDB: Time (s): cpu = 00:00:00 ; elapsed = 00:00:00 . Memory (MB): peak = 2533.637 ; gain = 0.000 ; free physical = 1902 ; free virtual = 16678
Writing XDEF routing.
Writing XDEF routing logical nets.
Writing XDEF routing special nets.
Wrote RouteStorage: Time (s): cpu = 00:00:00.03 ; elapsed = 00:00:00.02 . Memory (MB): peak = 2533.637 ; gain = 0.000 ; free physical = 1903 ; free virtual = 16679
Wrote Netlist Cache: Time (s): cpu = 00:00:00 ; elapsed = 00:00:00 . Memory (MB): peak = 2533.637 ; gain = 0.000 ; free physical = 1903 ; free virtual = 16679
Wrote Device Cache: Time (s): cpu = 00:00:00 ; elapsed = 00:00:00.01 . Memory (MB): peak = 2533.637 ; gain = 0.000 ; free physical = 1902 ; free virtual = 16678
Write Physdb Complete: Time (s): cpu = 00:00:00.06 ; elapsed = 00:00:00.1 . Memory (MB): peak = 2533.637 ; gain = 0.000 ; free physical = 1902 ; free virtual = 16679
INFO: [Common 17-1381] The checkpoint '/home/alfsj019/Desktop/docs/Projektskal/work/synth.dcp' has been generated.
INFO: [Common 17-206] Exiting Vivado at Wed Apr 10 18:41:54 2024...
========
synth_design: Time (s): cpu = 00:00:14 ; elapsed = 00:00:22 . Memory (MB): peak = 2505.625 ; gain = 1000.383 ; free physical = 4538 ; free virtual = 18713
INFO: [Common 17-2834] synth_design peak Physical Memory [PSS] (MB): overall = 2019.657; main = 1724.031; forked = 442.116
INFO: [Common 17-2834] synth_design peak Virtual Memory [VSS] (MB): overall = 4091.867; main = 2505.594; forked = 1626.293
INFO: [Timing 38-480] Writing timing data to binary archive.
Write ShapeDB Complete: Time (s): cpu = 00:00:00 ; elapsed = 00:00:00 . Memory (MB): peak = 2537.605 ; gain = 0.000 ; free physical = 4538 ; free virtual = 18713
Wrote PlaceDB: Time (s): cpu = 00:00:00 ; elapsed = 00:00:00 . Memory (MB): peak = 2537.605 ; gain = 0.000 ; free physical = 4538 ; free virtual = 18713
Wrote PulsedLatchDB: Time (s): cpu = 00:00:00 ; elapsed = 00:00:00 . Memory (MB): peak = 2537.605 ; gain = 0.000 ; free physical = 4538 ; free virtual = 18713
Writing XDEF routing.
Writing XDEF routing logical nets.
Writing XDEF routing special nets.
Wrote RouteStorage: Time (s): cpu = 00:00:00.02 ; elapsed = 00:00:00.02 . Memory (MB): peak = 2537.605 ; gain = 0.000 ; free physical = 4538 ; free virtual = 18713
Wrote Netlist Cache: Time (s): cpu = 00:00:00 ; elapsed = 00:00:00 . Memory (MB): peak = 2537.605 ; gain = 0.000 ; free physical = 4538 ; free virtual = 18713
Wrote Device Cache: Time (s): cpu = 00:00:00 ; elapsed = 00:00:00 . Memory (MB): peak = 2537.605 ; gain = 0.000 ; free physical = 4538 ; free virtual = 18714
Write Physdb Complete: Time (s): cpu = 00:00:00.06 ; elapsed = 00:00:00.09 . Memory (MB): peak = 2537.605 ; gain = 0.000 ; free physical = 4537 ; free virtual = 18713
INFO: [Common 17-1381] The checkpoint '/home/alfsj019/Desktop/docs/Projektskal/work/synth.dcp' has been generated.
INFO: [Common 17-206] Exiting Vivado at Tue Apr 16 10:52:29 2024...
>>>>>>>> origin/alfred_0904:Projektskal/work/vivado_synth_81154.backup.log
